2025-07-07 02:18:31,497 - INFO - Scraping instagram - https://www.instagram.com/vishal.mavoori/
2025-07-07 02:18:50,691 - INFO - Scraping instagram - https://www.instagram.com/strongernowcoaching/
2025-07-07 02:19:07,522 - INFO - Scraping instagram - https://www.instagram.com/theonlinefitnesscoach/
2025-07-07 02:19:28,925 - INFO - Scraping instagram - https://www.instagram.com/theonlinefitnesscoach/
2025-07-07 02:19:46,125 - INFO - Scraping instagram - https://www.instagram.com/enlofitness/
2025-07-07 02:20:05,421 - INFO - Scraping instagram - https://www.instagram.com/sam_myers__/
2025-07-07 02:20:24,469 - INFO - Scraping instagram - https://www.instagram.com/scotthoho/
2025-07-07 02:20:41,299 - INFO - Scraping instagram - https://www.instagram.com/yoga.with.shayna/
2025-07-07 02:20:58,482 - INFO - Scraping instagram - https://www.instagram.com/urbanyogafw/
2025-07-07 02:21:19,030 - INFO - Scraping instagram - https://www.instagram.com/raisinglebaryoga/
2025-07-07 02:21:36,902 - INFO - Scraping instagram - https://www.instagram.com/sunny_flores01/
2025-07-07 02:21:57,946 - INFO - Scraping instagram - https://www.instagram.com/yoga_with_lindsay/
2025-07-07 02:22:19,947 - INFO - Scraping instagram - https://www.instagram.com/spurvalleyadventures/
2025-07-07 02:22:41,524 - INFO - Scraping instagram - https://www.instagram.com/goatyoga_houston/
2025-07-07 02:23:01,498 - INFO - Scraping instagram - https://www.instagram.com/yogawithchristy4u/
2025-07-07 02:23:25,706 - INFO - Scraping instagram - https://www.instagram.com/alb_communications/
2025-07-07 02:23:45,803 - INFO - Scraping instagram - https://www.instagram.com/ladakhjobs/
2025-07-07 02:24:06,819 - INFO - Scraping instagram - https://www.instagram.com/hopebridgessociety/
2025-07-07 02:24:25,864 - INFO - Scraping instagram - https://www.instagram.com/findyourinnergrace/
2025-07-07 02:24:46,170 - INFO - Scraping instagram - https://www.instagram.com/ernestcarrick/
2025-07-07 02:25:05,255 - INFO - Scraping instagram - https://www.instagram.com/ocbcleveland/
2025-07-07 02:25:26,392 - INFO - Scraping instagram - https://www.instagram.com/manuellafitnesscoach/
2025-07-07 02:25:48,941 - INFO - Scraping instagram - https://www.instagram.com/coachsapna/
2025-07-07 02:26:06,693 - INFO - Scraping instagram - https://www.instagram.com/hamidrezakhalounejad/
2025-07-07 02:26:24,571 - INFO - Scraping instagram - https://www.instagram.com/killian___/
2025-07-07 02:26:47,326 - INFO - Scraping instagram - https://www.instagram.com/trainwithsoye_/
2025-07-07 02:27:07,451 - INFO - Scraping instagram - https://www.instagram.com/monique_brontannah/
2025-07-07 02:27:30,645 - INFO - Scraping instagram - https://www.instagram.com/_thebodyarchitect_/
2025-07-07 02:27:50,930 - INFO - Scraping instagram - https://www.instagram.com/dantez.32/
2025-07-07 02:28:09,569 - INFO - Scraping instagram - https://www.instagram.com/icecolddmma/
2025-07-07 02:28:27,338 - INFO - Scraping instagram - https://www.instagram.com/leah_hirsch_cpt/
2025-07-07 02:28:47,635 - INFO - Scraping instagram - https://www.instagram.com/keithb_fit/
2025-07-07 02:29:08,225 - INFO - Scraping instagram - https://www.instagram.com/valkyrae/
2025-07-07 02:29:27,081 - INFO - Scraping instagram - https://www.instagram.com/graoficial/
2025-07-07 02:29:46,553 - INFO - Scraping instagram - https://www.instagram.com/alicasmd/
2025-07-07 02:30:04,359 - INFO - Scraping instagram - https://www.instagram.com/sandy_fitnesscoach/
2025-07-07 02:30:23,707 - INFO - Scraping instagram - https://www.instagram.com/carbonfitlab/
2025-07-07 02:30:43,996 - INFO - Scraping instagram - https://www.instagram.com/irina_fitnesscoach/
2025-07-07 02:31:04,600 - INFO - Scraping instagram - https://www.instagram.com/iffat.fitness/
2025-07-07 02:31:24,685 - INFO - Scraping instagram - https://www.instagram.com/martaa_diiaz/
2025-07-07 02:31:45,435 - INFO - Scraping instagram - https://www.instagram.com/trainwithcarrieyeg/
2025-07-07 02:32:07,210 - INFO - Scraping instagram - https://www.instagram.com/ivanfredric/
2025-07-07 02:32:26,927 - INFO - Scraping instagram - https://www.instagram.com/ivanfredric/
2025-07-07 02:32:46,728 - INFO - Scraping instagram - https://www.instagram.com/naohates/
2025-07-07 02:33:09,023 - INFO - Scraping instagram - https://www.instagram.com/gokuflex/
2025-07-07 02:33:28,641 - INFO - Scraping instagram - https://www.instagram.com/gaticamarina/
2025-07-07 02:33:47,634 - INFO - Scraping instagram - https://www.instagram.com/gaticamarina/
2025-07-07 02:34:08,484 - INFO - Scraping instagram - https://www.instagram.com/sachafitnesscoach/
2025-07-07 02:34:27,672 - INFO - Scraping instagram - https://www.instagram.com/alba_fuentes1911/
2025-07-07 02:34:49,715 - INFO - Scraping instagram - https://www.instagram.com/jeff_fitness/
2025-07-07 02:35:08,913 - INFO - Scraping instagram - https://www.instagram.com/radinrana.fit/
2025-07-07 02:35:25,075 - INFO - Scraping instagram - https://www.instagram.com/fitnesscoach_mx/
2025-07-07 02:35:43,097 - INFO - Scraping instagram - https://www.instagram.com/innamoves/
2025-07-07 02:36:02,853 - INFO - Scraping instagram - https://www.instagram.com/mariam.motivates/
2025-07-07 02:36:21,546 - INFO - Scraping instagram - https://www.instagram.com/the.mikela/
2025-07-07 02:36:40,584 - INFO - Scraping instagram - https://www.instagram.com/karina.kuni/
2025-07-07 02:37:03,217 - INFO - Scraping instagram - https://www.instagram.com/disha_jain6/
2025-07-07 02:37:21,399 - INFO - Scraping instagram - https://www.instagram.com/shamszfit/
2025-07-07 02:37:41,561 - INFO - Scraping instagram - https://www.instagram.com/hxhails/
2025-07-07 02:38:00,727 - INFO - Scraping instagram - https://www.instagram.com/brodfit_21/
2025-07-07 02:38:21,348 - INFO - Scraping instagram - https://www.instagram.com/fit_bae023/
2025-07-07 02:38:40,063 - INFO - Scraping instagram - https://www.instagram.com/bodiedbyjewels/
2025-07-07 02:38:57,272 - INFO - Scraping instagram - https://www.instagram.com/prettyprepfitness/
2025-07-07 02:39:16,271 - INFO - Scraping instagram - https://www.instagram.com/livewellwithapell/
2025-07-07 02:39:36,873 - INFO - Scraping instagram - https://www.instagram.com/iamsteelefit/
2025-07-07 02:39:58,075 - INFO - Scraping instagram - https://www.instagram.com/iamsteelefit/
2025-07-07 02:40:17,977 - INFO - Scraping instagram - https://www.instagram.com/_kw.fitness/
2025-07-07 02:40:35,933 - INFO - Scraping instagram - https://www.instagram.com/silvafit/
2025-07-07 02:40:54,528 - INFO - Scraping instagram - https://www.instagram.com/personaltrainertheband/
2025-07-07 02:41:13,470 - INFO - Scraping instagram - https://www.instagram.com/academia.fma/
2025-07-07 02:41:33,560 - INFO - Scraping generic - https://www.gymcompany.co.za/
2025-07-07 02:42:00,995 - INFO - Scraping generic - https://linktr.ee/kumail471
2025-07-07 02:42:12,362 - INFO - Scraping generic - https://linktr.ee/kumail471
2025-07-07 02:42:23,152 - INFO - Scraping generic - https://linktr.ee/bychevelle
2025-07-07 02:42:37,951 - INFO - Scraping generic - https://linktr.ee/coachedby_vicks
2025-07-07 02:42:50,831 - INFO - Scraping generic - https://linktr.ee/coachedby_vicks
2025-07-07 02:43:05,376 - INFO - Scraping generic - https://linktr.ee/claudiafitness.53
2025-07-07 02:43:19,086 - INFO - Scraping generic - http://linktr.ee/coachkirkby
2025-07-07 02:43:34,098 - INFO - Scraping generic - https://bio.site/cicelyjustine
2025-07-07 02:43:47,282 - INFO - Scraping generic - https://support.microsoft.com/en-us/office/learn-about-groups-in-outlook-b565caa1-5c40-40ef-9915-60fdb2d97fa2
2025-07-07 02:44:09,176 - INFO - Scraping generic - https://www.pulse.com.gh/entertainment/celebrities
2025-07-07 02:44:39,770 - INFO - Scraping generic - https://sphere-rose-w8wh.squarespace.com/
2025-07-07 02:44:51,944 - INFO - Scraping generic - https://reignite.fitbudd.com/
2025-07-07 02:45:12,033 - INFO - Scraping generic - https://reignite.fitbudd.com/
2025-07-07 02:45:24,569 - INFO - Scraping generic - https://reignite.fitbudd.com/
2025-07-07 02:45:36,834 - INFO - Scraping generic - https://about.me/ericayanez
2025-07-07 02:45:58,911 - INFO - Scraping generic - https://linktr.ee/mealplansmadeeasy
2025-07-07 02:46:16,454 - INFO - Scraping generic - https://linktr.ee/personalcoachamy
2025-07-07 02:46:32,250 - INFO - Scraping generic - https://linktr.ee/karamarshcoaching
2025-07-07 02:46:48,465 - INFO - Scraping twitter - https://www.wix.com/blog/how-to-make-money-as-a-handyman
2025-07-07 02:47:00,248 - INFO - Scraping generic - https://jimcrickcoaching.squarespace.com/jimcrick
2025-07-07 02:47:13,852 - INFO - Scraping generic - https://urbanwidgets.squarespace.com/classes
2025-07-07 02:47:26,378 - INFO - Scraping generic - https://caper-conch-cgg8.squarespace.com/our-instructors
2025-07-07 02:47:42,118 - INFO - Scraping generic - http://matt-ebersole.squarespace.com/
2025-07-07 02:47:55,487 - INFO - Scraping generic - https://liz-carr-yjw6.squarespace.com/
2025-07-07 02:48:11,179 - INFO - Scraping generic - https://clarinet-cowbell-4lel.squarespace.com/meet-our-pts
2025-07-07 02:48:22,617 - INFO - Scraping generic - https://piccolo-mushroom-9cgr.squarespace.com/denise
2025-07-07 02:48:35,819 - INFO - Scraping generic - https://mesabifitcoalition.squarespace.com/group-fitness-classes
2025-07-07 02:48:47,309 - INFO - Scraping generic - https://thebodyliberation.squarespace.com/
2025-07-07 02:49:01,279 - INFO - Scraping generic - https://charitykaizer.fitbudd.com/
2025-07-07 02:49:15,013 - INFO - Scraping generic - https://charitykaizer.fitbudd.com/
2025-07-07 02:49:25,847 - INFO - Scraping generic - https://www.trainerize.com/cookie-policy/
2025-07-07 02:49:49,515 - INFO - Scraping generic - https://linktr.ee/yoelliott
2025-07-07 02:50:00,792 - INFO - Scraping generic - https://linktr.ee/Stealth_gym_bury
2025-07-07 02:50:14,959 - INFO - Scraping generic - https://linktr.ee/bodyiesfitness
2025-07-07 02:50:30,499 - INFO - Scraping generic - https://linktr.ee/amywatchirs
2025-07-07 02:50:42,880 - INFO - Scraping generic - https://coachdigger.com/
2025-07-07 02:50:58,384 - INFO - Scraping generic - https://coachdigger.com/
2025-07-07 02:51:14,009 - INFO - Scraping generic - https://gearlessphysique.com/contact
2025-07-07 02:51:30,435 - INFO - Scraping generic - https://fitness.coachsahi.com/
2025-07-07 02:51:48,786 - INFO - Scraping generic - https://www.dianahynes.com/contact
2025-07-07 02:52:04,159 - INFO - Scraping generic - https://goldenclub.ee/en/service/fitness/personal-trainers/
2025-07-07 02:52:16,054 - INFO - Scraping generic - https://goldenclub.ee/en/service/fitness/personal-trainers/
2025-07-07 02:52:29,284 - INFO - Scraping generic - https://goldenclub.ee/en/service/fitness/personal-trainers/
2025-07-07 02:52:41,080 - INFO - Scraping generic - https://goldenclub.ee/en/service/fitness/personal-trainers/
2025-07-07 02:52:52,110 - INFO - Scraping generic - https://goldenclub.ee/en/service/fitness/personal-trainers/
2025-07-07 02:53:01,499 - INFO - Scraping generic - https://www.fitnfreshcoaching.com/
2025-07-07 02:53:17,747 - INFO - Scraping generic - https://www.datacaptive.com/professionals-mailing-list/personal-trainer-email-list/
2025-07-07 02:53:39,381 - INFO - Scraping generic - https://www.datacaptive.com/professionals-mailing-list/personal-trainer-email-list/
2025-07-07 02:53:52,494 - INFO - Scraping generic - https://www.myfitness.lv/en/clubs/domina/
2025-07-07 02:54:06,686 - INFO - Scraping generic - https://www.myfitness.lv/en/clubs/domina/
2025-07-07 02:54:21,198 - INFO - Scraping generic - https://www.myfitness.lv/en/clubs/domina/
