2025-07-24 09:59:26,728 - WARNING - Original email provider test@gmail.com not found for michaelogaje033@gmail.com, using fallback
2025-07-24 09:59:26,729 - INFO - Generating follow-up email for michaelogaje033@gmail.com...
2025-07-24 09:59:52,230 - INFO - [1/4] Follow-up sent to michaelogaje033@gmail.com via zoho
2025-07-24 09:59:52,231 - INFO - Subject: quick tips for your fitness marketing
2025-07-24 09:59:52,232 - INFO - Waiting 1 minutes before next send...
2025-07-24 10:09:40,956 - WARNING - Original email provider test@gmail.com not found for michaelogaje033@gmail.com, using fallback
2025-07-24 10:09:40,958 - INFO - Generating follow-up email for michaelogaje033@gmail.com...
2025-07-24 10:10:06,102 - INFO - [1/4] Follow-up sent to michaelogaje033@gmail.com via zoho
2025-07-24 10:10:06,103 - INFO - Subject: subject: this might spark some ideas for you
2025-07-24 10:10:06,104 - INFO - Waiting 1 minutes before next send...
2025-07-24 10:19:54,948 - WARNING - Original email provider test@gmail.com not found for michaelogaje033@gmail.com, using fallback
2025-07-24 10:19:54,949 - INFO - Generating follow-up email for michaelogaje033@gmail.com...
2025-07-24 10:20:19,603 - INFO - [1/4] Follow-up sent to michaelogaje033@gmail.com via zoho
2025-07-24 10:20:19,605 - INFO - Subject: coachmike, this could save you time
2025-07-24 10:20:19,606 - INFO - Waiting 1 minutes before next send...
2025-07-24 10:21:19,614 - WARNING - Original email provider test@gmail.com not found for kennkiyoshi@gmail.com, using fallback
2025-07-24 10:21:19,615 - INFO - Generating follow-up email for kennkiyoshi@gmail.com...
2025-07-24 10:21:35,410 - INFO - [2/4] Follow-up sent to kennkiyoshi@gmail.com via gmail
2025-07-24 10:21:35,412 - INFO - Subject: fitkenn, here’s a quick idea for you
2025-07-24 10:21:35,413 - INFO - Waiting 1 minutes before next send...
2025-07-24 10:22:35,421 - WARNING - Original email provider test@gmail.com not found for owi.09.12.02@gmail.com, using fallback
2025-07-24 10:22:35,422 - INFO - Generating follow-up email for owi.09.12.02@gmail.com...
2025-07-24 10:22:49,833 - INFO - [3/4] Follow-up sent to owi.09.12.02@gmail.com via gmail-2
2025-07-24 10:22:49,834 - INFO - Subject: yogaowi, a tool for smooth content flow
2025-07-24 10:22:49,835 - INFO - Waiting 1 minutes before next send...
2025-07-24 10:23:49,855 - WARNING - Original email provider test@gmail.com not found for unitorial111@gmail.com, using fallback
2025-07-24 10:23:49,857 - INFO - Generating follow-up email for unitorial111@gmail.com...
2025-07-24 10:24:10,679 - INFO - [4/4] Follow-up sent to unitorial111@gmail.com via zoho-1
2025-07-24 10:24:10,682 - INFO - Subject: yogaowi, a quick thought for you
2025-07-24 10:49:26,145 - INFO - Starting follow-up batch for niche: fitness coach
2025-07-24 10:49:26,148 - INFO - Batch size: 3, Delay: 10 minutes
2025-07-24 10:49:28,556 - INFO - Found 3 leads that need follow-up
2025-07-24 10:49:28,915 - WARNING - Original email provider gmail not found for dhynescoach@gmail.com, using fallback
2025-07-24 10:49:28,916 - INFO - Generating follow-up email for dhynescoach@gmail.com...
2025-07-24 10:49:43,380 - ERROR - Failed to send email to dhynescoach@gmail.com: [Errno 11001] getaddrinfo failed
2025-07-24 10:49:43,388 - WARNING - Original email provider gmail-2 not found for coachsahifitness@gmail.com, using fallback
2025-07-24 10:49:43,390 - INFO - Generating follow-up email for coachsahifitness@gmail.com...
2025-07-24 10:50:01,398 - INFO - [2/3] Follow-up sent to coachsahifitness@gmail.com via zoho
2025-07-24 10:50:01,401 - INFO - Subject: coachsahifitness, could this make your life easier?
2025-07-24 10:50:01,404 - INFO - Waiting 10 minutes before next send...
2025-07-24 11:00:01,407 - WARNING - Original email provider gmail not found for gearlessphysique@gmail.com, using fallback
2025-07-24 11:00:01,410 - INFO - Generating follow-up email for gearlessphysique@gmail.com...
2025-07-24 11:00:21,397 - INFO - [3/3] Follow-up sent to gearlessphysique@gmail.com via zoho
2025-07-24 11:00:21,399 - INFO - Subject: gearlessphysique, a quick thought for you
2025-07-24 11:00:24,661 - INFO - ==================================================
2025-07-24 11:00:24,664 - INFO - FOLLOW-UP OUTREACH SUMMARY
2025-07-24 11:00:24,666 - INFO - ==================================================
2025-07-24 11:00:24,668 - INFO - Total leads processed: 3
2025-07-24 11:00:24,670 - INFO - Successful sends: 2
2025-07-24 11:00:24,671 - INFO - Failed sends: 1
2025-07-24 11:00:24,673 - INFO - Success rate: 66.7%
2025-07-24 11:00:24,674 - INFO - Duration: 0:10:55.258584
2025-07-24 11:00:24,676 - INFO - Completed at: 2025-07-24 11:00:21.404021
