2025-07-12 22:22:16,220 - INFO - Generating email for michaelogaje033@gmail.com...
2025-07-12 22:22:46,529 - INFO - Generating email for michaelogaje033@gmail.com...
2025-07-12 22:22:58,666 - ERROR - Failed to send email to michaelogaje033@gmail.com: EMAIL_USE_TLS/EMAIL_USE_SSL are mutually exclusive, so only set one of those settings to True.
2025-07-12 22:22:58,700 - INFO - Generating email for kennkiyoshi@gmail.com...
2025-07-12 22:23:06,271 - ERROR - Failed to send email to kennkiyoshi@gmail.com: EMAIL_USE_TLS/EMAIL_USE_SSL are mutually exclusive, so only set one of those settings to True.
2025-07-12 22:23:06,272 - INFO - Generating email for owi.09.12.02@gmail.com...
2025-07-12 22:23:12,671 - ERROR - Failed to send email to owi.09.12.02@gmail.com: EMAIL_USE_TLS/EMAIL_USE_SSL are mutually exclusive, so only set one of those settings to True.
2025-07-12 22:23:12,682 - INFO - Generating email for unitoril111@gmail.com...
2025-07-12 22:23:19,128 - ERROR - Failed to send email to unitoril111@gmail.com: EMAIL_USE_TLS/EMAIL_USE_SSL are mutually exclusive, so only set one of those settings to True.
2025-07-12 22:26:42,659 - INFO - Generating email for michaelogaje033@gmail.com...
2025-07-12 22:28:30,437 - INFO - Generating email for michaelogaje033@gmail.com...
2025-07-12 22:28:45,164 - INFO - Subject: Revolutionize Your Fitness Coaching with AI, Coach Mike?
2025-07-12 22:39:29,574 - INFO - Generating email for michaelogaje033@gmail.com...
2025-07-12 22:41:38,669 - INFO - Generating email for michaelogaje033@gmail.com...
2025-07-12 22:41:54,317 - INFO - Subject: Supercharge Your Online Fitness Brand, Coach Mike
2025-07-12 22:41:54,326 - INFO - Generating email for kennkiyoshi@gmail.com...
2025-07-12 22:42:06,309 - INFO - Subject: Boost Your Zero-Equipment Muscle Building Brand with AI
2025-07-12 22:42:06,325 - INFO - Generating email for owi.09.12.02@gmail.com...
2025-07-12 22:42:20,693 - INFO - Subject: Boost Your Stamina Business with AI-Powered Content Tools
2025-07-12 22:42:20,697 - INFO - Generating email for unitoril111@gmail.com...
2025-07-12 22:42:37,894 - INFO - Subject: Boost Your Nutrition For Bodybuilding Content Effortlessly
2025-07-13 01:42:56,747 - INFO - Generating email for michaelogaje033@gmail.com...
2025-07-13 01:43:12,475 - INFO - Subject: Boost Your Fitness Brand with AI, Coach Mike?
2025-07-13 01:43:12,485 - INFO - Generating email for kennkiyoshi@gmail.com...
2025-07-13 01:43:22,154 - INFO - Subject: Elevate Your No-Equipment Fitness Brand
2025-07-13 01:43:22,158 - INFO - Generating email for owi.09.12.02@gmail.com...
2025-07-13 01:43:29,447 - INFO - Subject: Boost Your Stamina-Building Brand with AI
2025-07-13 01:43:29,452 - INFO - Generating email for unitorial111@gmail.com...
2025-07-13 01:43:40,634 - INFO - Subject: Time-Saving Fitness Marketing Solution for Yogaowi
2025-07-14 02:32:32,468 - INFO - Generating email for michaelogaje033@gmail.com...
2025-07-14 02:36:40,971 - INFO - Generating email for michaelogaje033@gmail.com...
2025-07-14 02:36:51,757 - INFO - Subject: Simplify Your Fitness Content Creation?
2025-07-14 02:36:51,786 - INFO - Generating email for kennkiyoshi@gmail.com...
2025-07-14 02:37:01,361 - INFO - Subject: Boost Your Fitness Brand?
2025-07-14 02:37:01,382 - INFO - Generating email for owi.09.12.02@gmail.com...
2025-07-14 02:37:11,355 - INFO - Subject: No More Content Struggles
2025-07-14 02:37:11,382 - INFO - Generating email for unitorial111@gmail.com...
2025-07-14 02:37:22,006 - INFO - Subject: Tired of Content Struggles?
2025-07-14 03:02:23,012 - INFO - Generating email for michaelogaje033@gmail.com...
2025-07-14 03:02:34,776 - INFO - Subject: Mike, Boosting Your Home Fitness Impact?
2025-07-14 03:02:34,799 - INFO - Generating email for kennkiyoshi@gmail.com...
2025-07-14 03:02:42,611 - INFO - Subject: FitKenn, Maximizing Muscle Growth Without Equipment?
2025-07-14 03:02:42,632 - INFO - Generating email for owi.09.12.02@gmail.com...
2025-07-14 03:02:51,749 - INFO - Subject: Yogaowi — Boosting Stamina Smarter?
2025-07-14 03:02:51,778 - INFO - Generating email for unitorial111@gmail.com...
2025-07-14 03:03:02,490 - INFO - Subject: Yogaowi, Enhancing Your Nutrition Selection Process?
2025-07-14 03:18:28,253 - INFO - Generating email for michaelogaje033@gmail.com...
2025-07-14 03:18:40,514 - INFO - Subject: CoachMike, Enhancing Your Online Presence?
2025-07-14 03:18:40,540 - INFO - Generating email for kennkiyoshi@gmail.com...
2025-07-14 03:18:52,125 - INFO - Subject: Streamline Your Fitkenn Branding?
2025-07-14 03:18:52,152 - INFO - Generating email for owi.09.12.02@gmail.com...
2025-07-14 03:19:01,724 - INFO - Subject: Boost Your Stamina Coaching, Yogaowi!
2025-07-14 03:19:01,752 - INFO - Generating email for unitorial111@gmail.com...
2025-07-14 03:19:10,795 - INFO - Subject: Elevate Your Fitness Brand, Yogaowi?
2025-07-14 23:57:23,138 - INFO - Starting batch outreach for niche: fitness coach
2025-07-14 23:57:23,139 - INFO - Batch size: 10, Delay: None minutes
2025-07-14 23:57:23,153 - INFO - Found 10 leads to contact
2025-07-14 23:57:23,158 - INFO - Generating email for dhynescoach@gmail.com...
2025-07-14 23:57:46,811 - INFO - Subject: dhynescoach, streamline your content creation
2025-07-14 23:57:46,832 - INFO - Generating email for coachsahifitness@gmail.com...
2025-07-14 23:58:15,361 - INFO - Subject: streamline your fitness content, sahifitness?
2025-07-14 23:58:15,391 - INFO - Generating email for gearlessphysique@gmail.com...
2025-07-15 00:20:32,619 - INFO - Starting batch outreach for niche: fitness coach
2025-07-15 00:20:32,621 - INFO - Batch size: 10, Delay: 100 minutes
2025-07-15 00:20:32,632 - INFO - Found 10 leads to contact
2025-07-15 00:20:32,638 - INFO - Generating email for gearlessphysique@gmail.com...
2025-07-15 00:20:54,645 - INFO - Subject: streamline your fitness content?
2025-07-15 00:49:14,662 - INFO - Starting batch outreach for niche: fitness coach
2025-07-15 00:49:14,663 - INFO - Batch size: 10, Delay: 10 minutes
2025-07-15 00:49:14,673 - INFO - Found 10 leads to contact
2025-07-15 00:49:14,677 - INFO - Generating email for a.k.iqbal86@gmail.com...
2025-07-15 00:49:34,763 - INFO - Subject: aki, found an answer to the copy struggle?
2025-07-15 00:59:34,963 - INFO - Generating email for 20a.k.iqbal86@gmail.com...
2025-07-15 01:00:00,259 - INFO - Subject: easing your fitness promo hassles, 20a.k.iqbal86
2025-07-15 09:14:39,441 - INFO - Starting batch outreach for niche: fitness coach
2025-07-15 09:14:39,443 - INFO - Batch size: 10, Delay: 10 minutes
2025-07-15 09:14:39,481 - INFO - Found 10 leads to contact
2025-07-15 09:14:39,490 - INFO - Generating email for insert.supply@gmail.com...
2025-07-15 09:15:05,455 - INFO - Subject: your fitness plan, less hassle
2025-07-15 09:56:31,923 - INFO - Generating email for prettyprepfitness32@gmail.com...
2025-07-15 09:56:55,345 - INFO - Subject: spotted your fitness page, prettyprep
2025-07-15 10:06:55,371 - INFO - Generating email for contact.juliahall@gmail.com...
2025-07-15 10:07:20,687 - INFO - Subject: jewels, see less design, more fitness
2025-07-15 10:17:20,748 - INFO - Generating email for pujirana98@gmail.com...
2025-07-15 10:17:43,349 - INFO - Subject: keeping up with content, fit_bae023?
2025-07-15 10:27:43,370 - INFO - Generating email for rodneylambertpartnerships@gmail.com...
2025-07-15 10:28:11,487 - INFO - Subject: brodfit_21, ditch the flyer stress?
2025-07-15 10:38:11,506 - INFO - Generating email for javedsayed555@gmail.com...
2025-07-15 10:38:40,604 - INFO - Subject: struggling with content, shamszfit?
2025-07-15 10:48:40,622 - INFO - Generating email for dishajainwork6@gmail.com...
2025-07-15 10:49:02,488 - INFO - Subject: disha, let's make content life easier
2025-07-15 10:59:02,514 - INFO - Generating email for info.karinakuni@gmail.com...
2025-07-15 10:59:27,214 - INFO - Subject: Karina, easing your copywriting woes
2025-07-15 11:09:27,237 - INFO - Generating email for fit.mikela@gmail.com...
2025-07-15 11:09:47,238 - INFO - Subject: mikela, skipping the content struggle?
2025-07-15 11:19:47,268 - INFO - Generating email for mariam.motivates@gmail.com...
2025-07-15 11:20:09,645 - INFO - Subject: Mariam, the content creation struggle
2025-07-15 11:20:13,096 - INFO - ==================================================
2025-07-15 11:20:13,096 - INFO - BATCH OUTREACH SUMMARY
2025-07-15 11:20:13,099 - INFO - ==================================================
2025-07-15 11:20:13,100 - INFO - Total leads processed: 10
2025-07-15 11:20:13,102 - INFO - Successful sends: 10
2025-07-15 11:20:13,103 - INFO - Failed sends: 0
2025-07-15 11:20:13,104 - INFO - Success rate: 100.0%
2025-07-15 11:20:13,106 - INFO - Duration: 2:05:30.249712
2025-07-15 11:20:13,107 - INFO - Completed at: 2025-07-15 11:20:09.691526
2025-07-16 14:19:31,153 - INFO - Starting batch outreach for niche: fitness coach
2025-07-16 14:19:31,153 - INFO - Batch size: 10, Delay: 10 minutes
2025-07-16 14:19:31,176 - INFO - Found 10 leads to contact
2025-07-16 14:19:31,181 - INFO - Generating email for ghimireabinash3@gmail.com...
2025-07-16 14:19:39,818 - WARNING - Incomplete response for ghimireabinash3@gmail.com, attempt 1
2025-07-16 14:19:48,302 - WARNING - Incomplete response for ghimireabinash3@gmail.com, attempt 2
2025-07-16 14:19:54,202 - WARNING - Incomplete response for ghimireabinash3@gmail.com, attempt 3
2025-07-16 14:19:54,252 - INFO - Generating email for support@crzyoga.com...
2025-07-16 14:20:01,713 - WARNING - Incomplete response for support@crzyoga.com, attempt 1
2025-07-16 14:20:08,443 - WARNING - Incomplete response for support@crzyoga.com, attempt 2
2025-07-16 14:41:57,938 - INFO - Starting batch outreach for niche: fitness coach
2025-07-16 14:41:57,940 - INFO - Batch size: 10, Delay: 10 minutes
2025-07-16 14:41:57,976 - INFO - Found 10 leads to contact
2025-07-16 14:41:57,982 - INFO - Generating email for ghimireabinash3@gmail.com...
2025-07-16 14:42:02,737 - WARNING - Incomplete response for ghimireabinash3@gmail.com, attempt 1
2025-07-16 14:42:06,233 - WARNING - Incomplete response for ghimireabinash3@gmail.com, attempt 2
2025-07-16 14:44:15,965 - INFO - Starting batch outreach for niche: fitness coach
2025-07-16 14:44:15,966 - INFO - Batch size: 10, Delay: 10 minutes
2025-07-16 14:44:15,977 - INFO - Found 10 leads to contact
2025-07-16 14:44:15,981 - INFO - Generating email for ghimireabinash3@gmail.com...
2025-07-16 14:44:27,530 - INFO - Subject: ** struggling with content?
2025-07-16 14:56:15,941 - INFO - Starting batch outreach for niche: fitness coach
2025-07-16 14:56:15,941 - INFO - Batch size: 10, Delay: 10 minutes
2025-07-16 14:56:15,953 - INFO - Found 10 leads to contact
2025-07-16 14:56:15,957 - INFO - Generating email for support@crzyoga.com...
2025-07-16 14:56:33,604 - INFO - Subject: ** quick note for you
2025-07-16 15:03:00,336 - INFO - Starting batch outreach for niche: fitness coach
2025-07-16 15:03:00,337 - INFO - Batch size: 10, Delay: 10 minutes
2025-07-16 15:03:00,348 - INFO - Found 10 leads to contact
2025-07-16 15:03:00,353 - INFO - Generating email for sandy.fitnesshero@gmail.com...
2025-07-16 15:03:11,042 - INFO - Subject: just a quick note
2025-07-16 15:13:11,102 - INFO - Generating email for more@broads.app...
2025-07-16 15:13:22,251 - INFO - Subject: hey, fellow creator
2025-07-16 15:23:22,280 - INFO - Generating email for info@simplicitypt.com.au...
2025-07-16 15:23:33,019 - INFO - Subject: loved your recent post!
2025-07-16 15:37:46,938 - INFO - Starting batch outreach for niche: fitness coach
2025-07-16 15:37:46,939 - INFO - Batch size: 7, Delay: 10 minutes
2025-07-16 15:37:46,950 - INFO - Found 7 leads to contact
2025-07-16 15:37:46,955 - INFO - Generating email for management@theclueless.ai...
2025-07-16 15:37:58,740 - INFO - Subject: feeling the content crunch?
2025-07-16 15:47:58,765 - INFO - Generating email for support@fittr.com...
2025-07-16 15:48:09,986 - INFO - Subject: content burnout?
2025-07-16 15:58:10,015 - INFO - Generating email for holisticallyhaley@gmail.com...
2025-07-16 15:58:22,126 - INFO - Subject: struggling with content?
2025-07-16 16:01:53,879 - INFO - Starting batch outreach for niche: fitness coach
2025-07-16 16:01:53,881 - INFO - Batch size: 7, Delay: 10 minutes
2025-07-16 16:01:53,897 - INFO - Found 7 leads to contact
2025-07-16 16:01:53,904 - INFO - Generating email for themight0084@gmail.com...
2025-07-16 16:02:03,676 - INFO - Subject: Subject: keeping content fresh
2025-07-16 20:20:46,105 - INFO - Starting batch outreach for niche: fitness coach
2025-07-16 20:20:46,106 - INFO - Batch size: 7, Delay: 10 minutes
2025-07-16 20:20:46,132 - INFO - Found 7 leads to contact
2025-07-16 20:20:46,140 - INFO - Generating email for 201momir.bogdanovic@gmail.com...
2025-07-16 20:21:01,053 - INFO - Subject: subject: quick thought about your content
2025-07-16 20:31:15,630 - INFO - Starting batch outreach for niche: fitness coach
2025-07-16 20:31:16,123 - INFO - Batch size: 7, Delay: 10 minutes
2025-07-16 20:31:16,162 - INFO - Found 6 leads to contact
2025-07-16 20:31:16,171 - INFO - Generating email for pranavmachingal2@gmail.com...
2025-07-16 20:31:34,078 - INFO - Subject: Subject: flash, saw something that might save you some time
2025-07-16 20:44:31,946 - INFO - Starting batch outreach for niche: fitness coach
2025-07-16 20:44:31,947 - INFO - Batch size: 10, Delay: 10 minutes
2025-07-16 20:44:31,968 - INFO - Found 5 leads to contact
2025-07-16 20:44:31,974 - INFO - Generating email for benpalockofitness@gmail.com...
2025-07-16 20:44:44,432 - INFO - Subject: Subject: a quick thought on boosting your link game
2025-07-16 21:04:51,922 - INFO - Starting batch outreach for niche: fitness coach
2025-07-16 21:04:52,188 - INFO - Batch size: 7, Delay: 10 minutes
2025-07-16 21:04:52,269 - INFO - Found 7 leads to contact
2025-07-16 21:04:52,290 - INFO - Generating email for innaizumina@gmail.com...
2025-07-16 21:05:08,656 - INFO - Subject: let's simplify your content creation
2025-07-16 21:15:08,717 - INFO - Generating email for llacerdf30@gmail.com...
2025-07-16 21:15:30,959 - INFO - Subject: streamlining your fitness marketing
2025-07-16 21:25:30,981 - INFO - Generating email for radinrana@gmail.com...
2025-07-16 21:25:44,001 - INFO - Subject: let's chat about your content journey
2025-07-16 21:35:44,028 - INFO - Generating email for jeffortizcoaching@gmail.com...
2025-07-16 21:35:55,804 - INFO - Subject: got a minute to chat about your content?
2025-07-16 21:45:55,829 - INFO - Generating email for albanellyfg@gmail.com...
2025-07-16 21:46:08,949 - INFO - Subject: a little idea for your fitness journey
2025-07-16 21:56:08,971 - INFO - Generating email for farbersacha@gmail.com...
2025-07-16 21:56:22,070 - INFO - Subject: a quick tip for your fitness coaching
2025-07-16 22:06:22,100 - INFO - Generating email for marinagatica1005@gmail.com...
2025-07-16 22:06:33,590 - INFO - Subject: a quick idea for your fitness content
2025-07-16 22:06:37,188 - INFO - ==================================================
2025-07-16 22:06:37,190 - INFO - BATCH OUTREACH SUMMARY
2025-07-16 22:06:37,194 - INFO - ==================================================
2025-07-16 22:06:37,197 - INFO - Total leads processed: 7
2025-07-16 22:06:37,200 - INFO - Successful sends: 7
2025-07-16 22:06:37,202 - INFO - Failed sends: 0
2025-07-16 22:06:37,205 - INFO - Success rate: 100.0%
2025-07-16 22:06:37,207 - INFO - Duration: 1:01:41.675553
2025-07-16 22:06:37,212 - INFO - Completed at: 2025-07-16 22:06:33.598442
2025-07-17 15:13:26,832 - INFO - Starting batch outreach for niche: fitness coach
2025-07-17 15:13:26,832 - INFO - Batch size: 10, Delay: 10 minutes
2025-07-17 15:13:26,868 - INFO - Found 10 leads to contact
2025-07-17 15:13:26,877 - INFO - Generating email for unicnutrition@gmail.com...
2025-07-17 15:13:43,115 - INFO - Subject: a fresh take on your promo graphics
2025-07-17 15:23:43,140 - INFO - Generating email for gokuflex@gmail.com...
2025-07-17 15:23:55,726 - INFO - Subject: a simple way to revamp your content
2025-07-17 15:33:55,753 - INFO - Generating email for socialsnao@gmail.com...
2025-07-17 15:34:13,814 - INFO - Subject: a fresh approach to your fitness promotions
2025-07-17 15:44:13,834 - INFO - Generating email for indthu.mlsn@gmail.com...
2025-07-17 15:44:27,340 - INFO - Subject: a time-saving tip for your fitness promotions
2025-07-17 15:54:27,367 - INFO - Generating email for bethanychew.mlsn@gmail.com...
2025-07-17 15:54:39,321 - INFO - Subject: a simple way to boost your coaching content
2025-07-17 16:04:39,337 - INFO - Generating email for martadiazmanagement@gmail.com...
2025-07-17 16:04:50,774 - INFO - Subject: a fresh way to create engaging fitness content
2025-07-17 16:14:50,790 - INFO - Generating email for iffat.fitness@gmail.com...
2025-07-17 16:15:08,069 - INFO - Subject: a creative shortcut for your fitness posts
2025-07-17 16:25:08,096 - INFO - Generating email for fitctory@gmail.com...
2025-07-17 16:25:20,543 - INFO - Subject: let's make your flyers pop
2025-07-17 16:35:20,573 - INFO - Generating email for braddiffley1@gmail.com...
2025-07-17 16:35:31,155 - INFO - Subject: a fresh approach to your fitness content
2025-07-17 16:45:31,174 - INFO - Generating email for getfit@sandyfitnesscoach.com...
2025-07-17 16:45:47,007 - INFO - Subject: a fresh take on your fitness content
2025-07-17 16:45:49,985 - INFO - ==================================================
2025-07-17 16:45:49,985 - INFO - BATCH OUTREACH SUMMARY
2025-07-17 16:45:49,987 - INFO - ==================================================
2025-07-17 16:45:49,989 - INFO - Total leads processed: 10
2025-07-17 16:45:49,989 - INFO - Successful sends: 10
2025-07-17 16:45:49,990 - INFO - Failed sends: 0
2025-07-17 16:45:49,991 - INFO - Success rate: 100.0%
2025-07-17 16:45:49,992 - INFO - Duration: 1:32:20.211179
2025-07-17 16:45:49,992 - INFO - Completed at: 2025-07-17 16:45:47.043632
2025-07-17 20:40:11,468 - INFO - Starting batch outreach for niche: fitness coach
2025-07-17 20:40:11,468 - INFO - Batch size: 5, Delay: 10 minutes
2025-07-17 20:40:11,502 - INFO - Found 5 leads to contact
2025-07-17 20:40:11,502 - INFO - Generating email for alicasmdalica@fyndafit.com...
2025-07-17 20:40:24,803 - INFO -  [1/5] Sent to alicasmdalica@fyndafit.com via zoho
2025-07-17 20:40:24,803 - INFO - Subject: a simple way to boost your fitness promotions
2025-07-17 20:40:24,819 - INFO -  Waiting 10 minutes before next send...
2025-07-17 20:50:24,822 - INFO - Generating email for keith.finale@gmail.com...
2025-07-17 20:50:38,121 - INFO -  [2/5] Sent to keith.finale@gmail.com via gmail
2025-07-17 20:50:38,122 - INFO - Subject: a fresh way to engage your audience
2025-07-17 20:50:38,122 - INFO -  Waiting 10 minutes before next send...
2025-07-17 21:00:38,125 - INFO - Generating email for hello@coachsapna.com...
2025-07-17 21:00:52,528 - INFO -  [3/5] Sent to hello@coachsapna.com via gmail-2
2025-07-17 21:00:52,528 - INFO - Subject: quick tip for your fitness promotions
2025-07-17 21:00:52,529 - INFO -  Waiting 10 minutes before next send...
2025-07-17 21:10:52,531 - INFO - Generating email for manuellavictoria@gmail.com...
2025-07-17 21:11:08,876 - INFO -  [4/5] Sent to manuellavictoria@gmail.com via zoho
2025-07-17 21:11:08,879 - INFO - Subject: a way to elevate your fitness content
2025-07-17 21:11:08,880 - INFO -  Waiting 10 minutes before next send...
2025-07-17 21:21:08,884 - INFO - Generating email for collabs.smyers@gmail.com...
2025-07-17 21:21:21,638 - INFO -  [5/5] Sent to collabs.smyers@gmail.com via gmail
2025-07-17 21:21:21,639 - INFO - Subject: a quick way to streamline your promotions
2025-07-17 21:21:25,827 - INFO - ==================================================
2025-07-17 21:21:25,827 - INFO - BATCH OUTREACH SUMMARY
2025-07-17 21:21:25,828 - INFO - ==================================================
2025-07-17 21:21:25,828 - INFO - Total leads processed: 5
2025-07-17 21:21:25,830 - INFO - Successful sends: 5
2025-07-17 21:21:25,832 - INFO - Failed sends: 0
2025-07-17 21:21:25,833 - INFO - Success rate: 100.0%
2025-07-17 21:21:25,835 - INFO - Duration: 0:41:10.201312
2025-07-17 21:21:25,836 - INFO - Completed at: 2025-07-17 21:21:21.669458
2025-07-18 12:44:22,417 - INFO - Starting batch outreach for niche: fitness coach
2025-07-18 12:44:22,435 - INFO - Batch size: 10, Delay: 10 minutes
2025-07-18 12:44:22,451 - INFO - Found 10 leads to contact
2025-07-18 12:44:22,468 - INFO - Generating email for hello@trainwithkickoff.com...
2025-07-18 12:44:37,118 - INFO -  [1/10] Sent to hello@trainwithkickoff.com via zoho
2025-07-18 12:44:37,120 - INFO - Subject: a fresh approach to your next fitness post
2025-07-18 12:44:37,120 - INFO -  Waiting 10 minutes before next send...
2025-07-18 12:54:37,137 - INFO - Generating email for None...
2025-07-18 12:54:46,714 - INFO -  [2/10] Sent to None via zoho
2025-07-18 12:54:46,724 - INFO - Subject: a time-saver for your fitness content
2025-07-18 12:54:46,726 - INFO -  Waiting 10 minutes before next send...
2025-07-18 13:04:46,730 - INFO - Generating email for nick@pathtalent.co...
2025-07-18 13:05:00,154 - INFO -  [3/10] Sent to nick@pathtalent.co via zoho
2025-07-18 13:05:00,156 - INFO - Subject: a simple way to level up your content
2025-07-18 13:05:00,157 - INFO -  Waiting 10 minutes before next send...
2025-07-18 13:15:00,161 - INFO - Generating email for None...
2025-07-18 13:15:11,378 - INFO -  [4/10] Sent to None via zoho
2025-07-18 13:15:11,380 - INFO - Subject: easy ways to enhance your fitness promotion
2025-07-18 13:15:11,391 - INFO -  Waiting 10 minutes before next send...
2025-07-18 14:41:24,068 - INFO - Starting batch outreach for niche: fitness coach
2025-07-18 14:41:24,071 - INFO - Batch size: 10, Delay: 10 minutes
2025-07-18 14:41:24,102 - INFO - Found 6 leads to contact
2025-07-18 14:41:24,109 - INFO - Generating email for coachcoachsupport@coachme.fitness...
2025-07-18 14:41:45,538 - INFO -  [1/10] Sent to coachcoachsupport@coachme.fitness via zoho
2025-07-18 14:41:45,539 - INFO - Subject: a smooth way to elevate your fitness content
2025-07-18 14:41:45,540 - INFO -  Waiting 10 minutes before next send...
2025-07-18 16:12:04,507 - INFO - Starting batch outreach for niche: fitness coach
2025-07-18 16:12:04,512 - INFO - Batch size: 10, Delay: 10 minutes
2025-07-18 16:12:04,522 - INFO -  No unsent leads found.
2025-07-18 16:12:07,766 - INFO - ==================================================
2025-07-18 16:12:07,773 - INFO - BATCH OUTREACH SUMMARY
2025-07-18 16:12:07,776 - INFO - ==================================================
2025-07-18 16:12:07,780 - INFO - Total leads processed: 0
2025-07-18 16:12:07,789 - INFO - Successful sends: 0
2025-07-18 16:12:07,795 - INFO - Failed sends: 0
2025-07-18 16:12:07,798 - INFO - Success rate: 0.0%
2025-07-18 16:12:07,805 - INFO - Duration: 0:00:00.017500
2025-07-18 16:12:07,811 - INFO - Completed at: 2025-07-18 16:12:04.525136
2025-07-18 16:14:07,683 - INFO - Starting batch outreach for niche: fitness coaches
2025-07-18 16:14:07,685 - INFO - Batch size: 10, Delay: 10 minutes
2025-07-18 16:14:07,695 - INFO -  No unsent leads found.
2025-07-18 16:14:11,227 - INFO - ==================================================
2025-07-18 16:14:11,230 - INFO - BATCH OUTREACH SUMMARY
2025-07-18 16:14:11,232 - INFO - ==================================================
2025-07-18 16:14:11,234 - INFO - Total leads processed: 0
2025-07-18 16:14:11,235 - INFO - Successful sends: 0
2025-07-18 16:14:11,236 - INFO - Failed sends: 0
2025-07-18 16:14:11,238 - INFO - Success rate: 0.0%
2025-07-18 16:14:11,239 - INFO - Duration: 0:00:00.013284
2025-07-18 16:14:11,242 - INFO - Completed at: 2025-07-18 16:14:07.696846
2025-07-18 16:16:59,855 - INFO - Starting batch outreach for niche: personal trainer
2025-07-18 16:16:59,856 - INFO - Batch size: 10, Delay: 10 minutes
2025-07-18 16:16:59,858 - INFO - Found 10 leads to contact
2025-07-18 16:16:59,866 - INFO - Generating email for viktorija.plivca@myfitness.lv...
2025-07-18 16:17:22,071 - INFO -  [1/10] Sent to viktorija.plivca@myfitness.lv via zoho
2025-07-18 16:17:22,074 - INFO - Subject: a simple way to elevate your promo game
2025-07-18 16:17:22,076 - INFO -  Waiting 10 minutes before next send...
2025-07-18 16:27:22,082 - INFO - Generating email for 0163viktorija.plivca@myfitness.lv...
2025-07-18 16:27:39,211 - INFO -  [2/10] Sent to 0163viktorija.plivca@myfitness.lv via zoho
2025-07-18 16:27:39,212 - INFO - Subject: a simple way to enhance your online presence
2025-07-18 16:27:39,215 - INFO -  Waiting 10 minutes before next send...
2025-07-18 16:37:39,219 - INFO - Generating email for domina@myfitness.lv...
2025-07-18 16:38:01,471 - INFO -  [3/10] Sent to domina@myfitness.lv via zoho
2025-07-18 16:38:01,474 - INFO - Subject: a fresh approach to your fitness content
2025-07-18 16:38:01,477 - INFO -  Waiting 10 minutes before next send...
2025-07-18 16:48:01,481 - INFO - Generating email for reach@datacaptive.com...
2025-07-18 16:48:19,904 - INFO -  [4/10] Sent to reach@datacaptive.com via zoho
2025-07-18 16:48:19,921 - INFO - Subject: let's make your fitness promotions easier
2025-07-18 16:48:19,931 - INFO -  Waiting 10 minutes before next send...
2025-07-18 19:54:41,998 - INFO - Starting batch outreach for niche: personal trainer
2025-07-18 19:54:42,002 - INFO - Batch size: 10, Delay: 10 minutes
2025-07-18 19:54:42,019 - INFO - Found 10 leads to contact
2025-07-18 19:54:42,030 - INFO - Generating email for connect@datacaptive.com...
2025-07-18 19:55:13,004 - INFO -  [1/10] Sent to connect@datacaptive.com via zoho
2025-07-18 19:55:13,005 - INFO - Subject: a simple way to elevate your marketing
2025-07-18 19:55:13,009 - INFO -  Waiting 10 minutes before next send...
2025-07-18 20:05:13,026 - INFO - Generating email for fitnfreshpt@gmail.com...
2025-07-18 20:05:37,342 - ERROR - Failed to send email to fitnfreshpt@gmail.com: [WinError 10060] A connection attempt failed because the connected party did not properly respond after a period of time, or established connection failed because connected host has failed to respond
2025-07-18 20:05:37,344 - INFO - Generating email for viimsi@goldenclub.ee...
2025-07-18 20:06:01,901 - ERROR - Failed to send email to viimsi@goldenclub.ee: [WinError 10060] A connection attempt failed because the connected party did not properly respond after a period of time, or established connection failed because connected host has failed to respond
2025-07-18 20:06:01,905 - INFO - Generating email for tondi@goldenclub.ee...
2025-07-18 20:06:27,363 - ERROR - Failed to send email to tondi@goldenclub.ee: [WinError 10060] A connection attempt failed because the connected party did not properly respond after a period of time, or established connection failed because connected host has failed to respond
2025-07-18 20:06:27,629 - INFO - Generating email for fitness@goldenclub.ee...
2025-07-18 20:06:53,743 - ERROR - Failed to send email to fitness@goldenclub.ee: [WinError 10060] A connection attempt failed because the connected party did not properly respond after a period of time, or established connection failed because connected host has failed to respond
2025-07-18 20:06:53,871 - INFO - Generating email for rotermanni@goldenclub.ee...
2025-07-18 20:07:18,667 - ERROR - Failed to send email to rotermanni@goldenclub.ee: [WinError 10060] A connection attempt failed because the connected party did not properly respond after a period of time, or established connection failed because connected host has failed to respond
2025-07-18 20:07:19,151 - INFO - Generating email for nomme@goldenclub.ee...
2025-07-18 20:07:43,655 - ERROR - Failed to send email to nomme@goldenclub.ee: [WinError 10060] A connection attempt failed because the connected party did not properly respond after a period of time, or established connection failed because connected host has failed to respond
2025-07-18 20:07:44,066 - INFO - Generating email for amywatchirsfitness@gmail.com...
2025-07-18 20:08:08,614 - ERROR - Failed to send email to amywatchirsfitness@gmail.com: [WinError 10060] A connection attempt failed because the connected party did not properly respond after a period of time, or established connection failed because connected host has failed to respond
2025-07-18 20:08:09,063 - INFO - Generating email for jacinta@bodyies.com.au...
2025-07-18 20:08:32,906 - ERROR - Failed to send email to jacinta@bodyies.com.au: [WinError 10060] A connection attempt failed because the connected party did not properly respond after a period of time, or established connection failed because connected host has failed to respond
2025-07-18 20:08:32,910 - INFO - Generating email for enquiries@stealthstrengthfitness.com...
2025-07-18 20:08:58,339 - ERROR - Failed to send email to enquiries@stealthstrengthfitness.com: [WinError 10060] A connection attempt failed because the connected party did not properly respond after a period of time, or established connection failed because connected host has failed to respond
2025-07-18 20:09:02,369 - INFO - ==================================================
2025-07-18 20:09:02,385 - INFO - BATCH OUTREACH SUMMARY
2025-07-18 20:09:02,790 - INFO - ==================================================
2025-07-18 20:09:02,793 - INFO - Total leads processed: 10
2025-07-18 20:09:02,795 - INFO - Successful sends: 1
2025-07-18 20:09:02,797 - INFO - Failed sends: 9
2025-07-18 20:09:02,798 - INFO - Success rate: 10.0%
2025-07-18 20:09:02,800 - INFO - Duration: 0:14:16.656870
2025-07-18 20:09:02,801 - INFO - Completed at: 2025-07-18 20:08:58.655286
2025-07-18 20:32:32,374 - INFO - Starting batch outreach for niche: personal trainer
2025-07-18 20:32:32,375 - INFO - Batch size: 7, Delay: 10 minutes
2025-07-18 20:32:32,388 - INFO - Found 7 leads to contact
2025-07-18 20:32:32,394 - INFO - Generating email for fitnfreshpt@gmail.com...
2025-07-18 20:33:01,776 - INFO -  [1/7] Sent to fitnfreshpt@gmail.com via zoho
2025-07-18 20:33:01,778 - INFO - Subject: a simple way to boost your content
2025-07-18 20:33:01,780 - INFO -  Waiting 10 minutes before next send...
2025-07-18 20:43:01,783 - INFO - Generating email for viimsi@goldenclub.ee...
2025-07-18 20:43:25,765 - INFO -  [2/7] Sent to viimsi@goldenclub.ee via zoho
2025-07-18 20:43:25,766 - INFO - Subject: a fresh approach to your fitness content
2025-07-18 20:43:25,768 - INFO -  Waiting 10 minutes before next send...
2025-07-18 20:53:25,772 - INFO - Generating email for tondi@goldenclub.ee...
2025-07-18 20:53:51,929 - INFO -  [3/7] Sent to tondi@goldenclub.ee via zoho
2025-07-18 20:53:51,932 - INFO - Subject: a simple way to boost your content
2025-07-18 20:53:51,934 - INFO -  Waiting 10 minutes before next send...
2025-07-18 21:03:51,938 - INFO - Generating email for fitness@goldenclub.ee...
2025-07-18 21:04:17,488 - INFO -  [4/7] Sent to fitness@goldenclub.ee via zoho
2025-07-18 21:04:17,489 - INFO - Subject: a fresh take on your fitness promotions
2025-07-18 21:04:17,490 - INFO -  Waiting 10 minutes before next send...
2025-07-18 21:14:17,495 - INFO - Generating email for rotermanni@goldenclub.ee...
2025-07-18 21:14:44,735 - INFO -  [5/7] Sent to rotermanni@goldenclub.ee via zoho
2025-07-18 21:14:44,736 - INFO - Subject: a quick tip for your fitness promotions
2025-07-18 21:14:44,739 - INFO -  Waiting 10 minutes before next send...
2025-07-18 21:24:44,745 - INFO - Generating email for nomme@goldenclub.ee...
2025-07-18 21:25:11,870 - INFO -  [6/7] Sent to nomme@goldenclub.ee via zoho
2025-07-18 21:25:11,871 - INFO - Subject: how to save time on your fitness content
2025-07-18 21:25:11,873 - INFO -  Waiting 10 minutes before next send...
2025-07-18 21:35:11,876 - INFO - Generating email for amywatchirsfitness@gmail.com...
2025-07-18 21:35:52,117 - INFO -  [7/7] Sent to amywatchirsfitness@gmail.com via zoho
2025-07-18 21:35:52,214 - INFO - Subject: a fresh take on your fitness content
2025-07-18 21:35:55,723 - INFO - ==================================================
2025-07-18 21:35:55,730 - INFO - BATCH OUTREACH SUMMARY
2025-07-18 21:35:55,735 - INFO - ==================================================
2025-07-18 21:35:55,740 - INFO - Total leads processed: 7
2025-07-18 21:35:55,748 - INFO - Successful sends: 7
2025-07-18 21:35:55,753 - INFO - Failed sends: 0
2025-07-18 21:35:55,757 - INFO - Success rate: 100.0%
2025-07-18 21:35:55,760 - INFO - Duration: 1:03:19.862245
2025-07-18 21:35:55,761 - INFO - Completed at: 2025-07-18 21:35:52.236409
2025-07-19 00:52:50,509 - INFO - Starting batch outreach for niche: None
2025-07-19 00:52:50,511 - INFO - Batch size: 10, Delay: 10 minutes
2025-07-19 00:52:50,522 - INFO - Found 10 leads to contact
2025-07-19 00:52:50,528 - INFO - Generating email for caitie@empoweredlifestyletraining.com...
2025-07-19 00:53:10,502 - INFO -  [1/10] Sent to caitie@empoweredlifestyletraining.com via zoho
2025-07-19 00:53:10,504 - INFO - Subject: a fresh approach to your fitness content
2025-07-19 00:53:10,505 - INFO -  Waiting 10 minutes before next send...
