2025-07-17 22:50:58,147 - INFO - [1] Warm-up sent to michaelogaje033@gmail.com via owoicho@lumian.ltd
2025-07-17 22:52:04,450 - INFO - [2] Warm-up sent to kennkiyoshi@gmail.com via genesis@lumian.ltd
2025-07-17 22:53:09,869 - INFO - [3] Warm-up sent to owi.09.12.02@gmail.com via genesisadmin@lumian.ltd
2025-07-17 22:54:15,460 - INFO - [4] Warm-up sent to unitorial111@gmail.com via ceogenesis@lumian.ltd
2025-07-17 22:55:21,831 - INFO - [5] Warm-up sent to michaelogaje033@gmai.com via genesisteam@lumian.ltd
2025-07-17 23:38:21,152 - INFO - Warm-up sent to michaelogaje033@gmail.com via owoicho@lumian.ltd
2025-07-17 23:51:10,849 - INFO - [1] Sent to michaelogaje033@gmail.com via owoicho@lumian.ltd
2025-07-17 23:52:15,937 - INFO - [2] Sent to kennkiyoshi@gmail.com via genesis@lumian.ltd
2025-07-17 23:53:21,451 - INFO - [3] Sent to owi.09.12.02@gmail.com via genesisadmin@lumian.ltd
2025-07-17 23:54:26,392 - INFO - [4] Sent to unitorial111@gmail.com via ceogenesis@lumian.ltd
2025-07-17 23:55:31,181 - INFO - [5] Sent to michaelogaje033@hotmail.com via genesisteam@lumian.ltd
2025-07-17 23:56:35,979 - INFO - [6] Sent to michaelogaje033@outlook.com via owoicho@lumian.ltd
2025-07-17 23:57:43,614 - INFO - [7] Sent to owi0912@hotmail.com via genesis@lumian.ltd
2025-07-17 23:58:49,078 - INFO - [8] Sent to owi0912@outlook.com via genesisadmin@lumian.ltd
2025-07-17 23:59:54,562 - INFO - [9] Sent to 009.12.k2@gmail.com via ceogenesis@lumian.ltd
2025-07-18 00:01:00,916 - INFO - [10] Sent to genesis.ai1@hotmail.com via genesisteam@lumian.ltd
2025-07-18 01:00:00,823 - INFO - [1] Sent to michaelogaje033@gmail.com via owoicho@lumian.ltd
2025-07-18 12:51:18,710 - ERROR - Failed to send email to michaelogaje033@gmail.com: name 'message' is not defined
2025-07-18 12:51:18,712 - WARNING - [1] Failed to send to michaelogaje033@gmail.com
2025-07-18 12:52:18,777 - ERROR - Failed to send email to kennkiyoshi@gmail.com: name 'message' is not defined
2025-07-18 12:52:18,899 - WARNING - [2] Failed to send to kennkiyoshi@gmail.com
2025-07-18 12:59:14,046 - INFO - [1] Sent to michaelogaje033@gmail.com via owoicho@lumian.ltd
2025-07-18 13:00:18,907 - INFO - [2] Sent to kennkiyoshi@gmail.com via genesis@lumian.ltd
2025-07-18 13:01:23,651 - INFO - [3] Sent to owi.09.12.02@gmail.com via genesisadmin@lumian.ltd
2025-07-18 13:02:28,823 - INFO - [4] Sent to unitorial111@gmail.com via ceogenesis@lumian.ltd
2025-07-18 13:03:34,498 - INFO - [5] Sent to michaelogaje033@gmail.com via genesisteam@lumian.ltd
2025-07-18 13:04:39,946 - INFO - [6] Sent to kennkiyoshi@gmail.com via owoicho@lumian.ltd
2025-07-18 13:05:44,509 - INFO - [7] Sent to owi.09.12.02@gmail.com via genesis@lumian.ltd
2025-07-18 13:30:15,024 - INFO - [1] Sent to michaelogaje033@gmail.com via owoicho@lumian.ltd
2025-07-18 13:31:20,270 - INFO - [2] Sent to kennkiyoshi@gmail.com via genesis@lumian.ltd
